0 info it worked if it ends with ok
1 verbose cli [ '/Users/jiyu/.nvm/versions/node/v4.4.7/bin/node',
1 verbose cli   '/Users/jiyu/.nvm/versions/node/v4.4.7/bin/npm',
1 verbose cli   'install' ]
2 info using npm@2.15.8
3 info using node@v4.4.7
4 verbose readDependencies loading dependencies from /Users/jiyu/generator-bone/generators/templates/package.json
5 error install Couldn't read dependencies
6 verbose stack Error: Invalid name: "<%= pkgName %>"
6 verbose stack     at ensureValidName (/Users/jiyu/.nvm/versions/node/v4.4.7/lib/node_modules/npm/node_modules/normalize-package-data/lib/fixer.js:336:15)
6 verbose stack     at Object.module.exports.fixNameField (/Users/jiyu/.nvm/versions/node/v4.4.7/lib/node_modules/npm/node_modules/normalize-package-data/lib/fixer.js:215:5)
6 verbose stack     at /Users/jiyu/.nvm/versions/node/v4.4.7/lib/node_modules/npm/node_modules/normalize-package-data/lib/normalize.js:32:38
6 verbose stack     at Array.forEach (native)
6 verbose stack     at normalize (/Users/jiyu/.nvm/versions/node/v4.4.7/lib/node_modules/npm/node_modules/normalize-package-data/lib/normalize.js:31:15)
6 verbose stack     at final (/Users/jiyu/.nvm/versions/node/v4.4.7/lib/node_modules/npm/node_modules/read-package-json/read-json.js:349:5)
6 verbose stack     at then (/Users/jiyu/.nvm/versions/node/v4.4.7/lib/node_modules/npm/node_modules/read-package-json/read-json.js:124:5)
6 verbose stack     at /Users/jiyu/.nvm/versions/node/v4.4.7/lib/node_modules/npm/node_modules/read-package-json/read-json.js:243:12
6 verbose stack     at /Users/jiyu/.nvm/versions/node/v4.4.7/lib/node_modules/npm/node_modules/graceful-fs/graceful-fs.js:78:16
6 verbose stack     at FSReqWrap.readFileAfterClose [as oncomplete] (fs.js:380:3)
7 verbose cwd /Users/jiyu/generator-bone/generators/templates
8 error Darwin 15.5.0
9 error argv "/Users/jiyu/.nvm/versions/node/v4.4.7/bin/node" "/Users/jiyu/.nvm/versions/node/v4.4.7/bin/npm" "install"
10 error node v4.4.7
11 error npm  v2.15.8
12 error Invalid name: "<%= pkgName %>"
13 error If you need help, you may report this error at:
13 error     <https://github.com/npm/npm/issues>
14 verbose exit [ 1, true ]
